# JRE version: OpenJDK Runtime Environment Temurin-17.0.4+8 (17.0.4+8) (build 17.0.4+8)
# Java VM: OpenJDK 64-Bit Server VM Temurin-17.0.4+8 (17.0.4+8, mixed mode, tiered, compressed oops, compressed class ptrs, parallel gc, linux-amd64)
GC Precious Log:
 CPUs: 4 total, 4 available
 Memory: 11837M
 Large Page Support: Disabled
 NUMA Support: Disabled
 Compressed Oops: Enabled (32-bit)
 Alignments: Space 512K, Generation 512K, Heap 2M
 Heap Min Capacity: 100M
 Heap Initial Capacity: 100M
 Heap Max Capacity: 1G
 Pre-touch: Disabled
 Parallel Workers: 4
Heap:
 PSYoungGen      total 10240K, used 6243K [0x00000000eab00000, 0x00000000eb780000, 0x0000000100000000)
  eden space 7680K, 50% used [0x00000000eab00000,0x00000000eaec56d0,0x00000000eb280000)
  from space 2560K, 93% used [0x00000000eb500000,0x00000000eb753630,0x00000000eb780000)
  to   space 2560K, 0% used [0x00000000eb280000,0x00000000eb280000,0x00000000eb500000)
 ParOldGen       total 143872K, used 136337K [0x00000000c0000000, 0x00000000c8c80000, 0x00000000eab00000)
  object space 143872K, 94% used [0x00000000c0000000,0x00000000c8524570,0x00000000c8c80000)
 Metaspace       used 75719K, committed 76800K, reserved 1122304K
  class space    used 7797K, committed 8256K, reserved 1048576K
GC Heap History (20 events):
Event: 42,175 GC heap before
{Heap before GC invocations=107 (full 5):
 PSYoungGen      total 10240K, used 9262K [0x00000000eab00000, 0x00000000eb700000, 0x0000000100000000)
  eden space 7680K, 100% used [0x00000000eab00000,0x00000000eb280000,0x00000000eb280000)
  from space 2560K, 61% used [0x00000000eb280000,0x00000000eb40bb00,0x00000000eb500000)
  to   space 2048K, 0% used [0x00000000eb500000,0x00000000eb500000,0x00000000eb700000)
 ParOldGen       total 143872K, used 133871K [0x00000000c0000000, 0x00000000c8c80000, 0x00000000eab00000)
  object space 143872K, 93% used [0x00000000c0000000,0x00000000c82bbd20,0x00000000c8c80000)
 Metaspace       used 75440K, committed 76608K, reserved 1122304K
  class space    used 7795K, committed 8256K, reserved 1048576K
}
Event: 42,179 GC heap after
{Heap after GC invocations=107 (full 5):
 PSYoungGen      total 9728K, used 2041K [0x00000000eab00000, 0x00000000eb800000, 0x0000000100000000)
  eden space 7680K, 0% used [0x00000000eab00000,0x00000000eab00000,0x00000000eb280000)
  from space 2048K, 99% used [0x00000000eb500000,0x00000000eb6fe430,0x00000000eb700000)
  to   space 2560K, 0% used [0x00000000eb280000,0x00000000eb280000,0x00000000eb500000)
 ParOldGen       total 143872K, used 133911K [0x00000000c0000000, 0x00000000c8c80000, 0x00000000eab00000)
  object space 143872K, 93% used [0x00000000c0000000,0x00000000c82c5d20,0x00000000c8c80000)
 Metaspace       used 75440K, committed 76608K, reserved 1122304K
  class space    used 7795K, committed 8256K, reserved 1048576K
}
Event: 42,781 GC heap before
{Heap before GC invocations=108 (full 5):
 PSYoungGen      total 9728K, used 9721K [0x00000000eab00000, 0x00000000eb800000, 0x0000000100000000)
  eden space 7680K, 99% used [0x00000000eab00000,0x00000000eb27fff8,0x00000000eb280000)
  from space 2048K, 99% used [0x00000000eb500000,0x00000000eb6fe430,0x00000000eb700000)
  to   space 2560K, 0% used [0x00000000eb280000,0x00000000eb280000,0x00000000eb500000)
 ParOldGen       total 143872K, used 133911K [0x00000000c0000000, 0x00000000c8c80000, 0x00000000eab00000)
  object space 143872K, 93% used [0x00000000c0000000,0x00000000c82c5d20,0x00000000c8c80000)
 Metaspace       used 75496K, committed 76608K, reserved 1122304K
  class space    used 7795K, committed 8256K, reserved 1048576K
}
Event: 42,783 GC heap after
{Heap after GC invocations=108 (full 5):
 PSYoungGen      total 8704K, used 752K [0x00000000eab00000, 0x00000000eb600000, 0x0000000100000000)
  eden space 7680K, 0% used [0x00000000eab00000,0x00000000eab00000,0x00000000eb280000)
  from space 1024K, 73% used [0x00000000eb280000,0x00000000eb33c010,0x00000000eb380000)
  to   space 1536K, 0% used [0x00000000eb480000,0x00000000eb480000,0x00000000eb600000)
 ParOldGen       total 143872K, used 134115K [0x00000000c0000000, 0x00000000c8c80000, 0x00000000eab00000)
  object space 143872K, 93% used [0x00000000c0000000,0x00000000c82f8f20,0x00000000c8c80000)
 Metaspace       used 75496K, committed 76608K, reserved 1122304K
  class space    used 7795K, committed 8256K, reserved 1048576K
}
Event: 43,430 GC heap before
{Heap before GC invocations=109 (full 5):
 PSYoungGen      total 8704K, used 8432K [0x00000000eab00000, 0x00000000eb600000, 0x0000000100000000)
  eden space 7680K, 100% used [0x00000000eab00000,0x00000000eb280000,0x00000000eb280000)
  from space 1024K, 73% used [0x00000000eb280000,0x00000000eb33c010,0x00000000eb380000)
  to   space 1536K, 0% used [0x00000000eb480000,0x00000000eb480000,0x00000000eb600000)
 ParOldGen       total 143872K, used 134115K [0x00000000c0000000, 0x00000000c8c80000, 0x00000000eab00000)
  object space 143872K, 93% used [0x00000000c0000000,0x00000000c82f8f20,0x00000000c8c80000)
 Metaspace       used 75537K, committed 76672K, reserved 1122304K
  class space    used 7795K, committed 8256K, reserved 1048576K
}
Event: 43,439 GC heap after
{Heap after GC invocations=109 (full 5):
 PSYoungGen      total 9216K, used 788K [0x00000000eab00000, 0x00000000eb580000, 0x0000000100000000)
  eden space 8192K, 0% used [0x00000000eab00000,0x00000000eab00000,0x00000000eb300000)
  from space 1024K, 77% used [0x00000000eb480000,0x00000000eb545220,0x00000000eb580000)
  to   space 1024K, 0% used [0x00000000eb380000,0x00000000eb380000,0x00000000eb480000)
 ParOldGen       total 143872K, used 134115K [0x00000000c0000000, 0x00000000c8c80000, 0x00000000eab00000)
  object space 143872K, 93% used [0x00000000c0000000,0x00000000c82f8f20,0x00000000c8c80000)
 Metaspace       used 75537K, committed 76672K, reserved 1122304K
  class space    used 7795K, committed 8256K, reserved 1048576K
}
Event: 43,775 GC heap before
{Heap before GC invocations=110 (full 5):
 PSYoungGen      total 9216K, used 8980K [0x00000000eab00000, 0x00000000eb580000, 0x0000000100000000)
  eden space 8192K, 100% used [0x00000000eab00000,0x00000000eb300000,0x00000000eb300000)
  from space 1024K, 77% used [0x00000000eb480000,0x00000000eb545220,0x00000000eb580000)
  to   space 1024K, 0% used [0x00000000eb380000,0x00000000eb380000,0x00000000eb480000)
 ParOldGen       total 143872K, used 134115K [0x00000000c0000000, 0x00000000c8c80000, 0x00000000eab00000)
  object space 143872K, 93% used [0x00000000c0000000,0x00000000c82f8f20,0x00000000c8c80000)
 Metaspace       used 75556K, committed 76672K, reserved 1122304K
  class space    used 7795K, committed 8256K, reserved 1048576K
}
Event: 43,779 GC heap after
{Heap after GC invocations=110 (full 5):
 PSYoungGen      total 9216K, used 1002K [0x00000000eab00000, 0x00000000eb600000, 0x0000000100000000)
  eden space 8192K, 0% used [0x00000000eab00000,0x00000000eab00000,0x00000000eb300000)
  from space 1024K, 97% used [0x00000000eb380000,0x00000000eb47a910,0x00000000eb480000)
  to   space 1536K, 0% used [0x00000000eb480000,0x00000000eb480000,0x00000000eb600000)
 ParOldGen       total 143872K, used 134371K [0x00000000c0000000, 0x00000000c8c80000, 0x00000000eab00000)
  object space 143872K, 93% used [0x00000000c0000000,0x00000000c8338e30,0x00000000c8c80000)
 Metaspace       used 75556K, committed 76672K, reserved 1122304K
  class space    used 7795K, committed 8256K, reserved 1048576K
}
Event: 44,126 GC heap before
{Heap before GC invocations=111 (full 5):
 PSYoungGen      total 9216K, used 9194K [0x00000000eab00000, 0x00000000eb600000, 0x0000000100000000)
  eden space 8192K, 100% used [0x00000000eab00000,0x00000000eb300000,0x00000000eb300000)
  from space 1024K, 97% used [0x00000000eb380000,0x00000000eb47a910,0x00000000eb480000)
  to   space 1536K, 0% used [0x00000000eb480000,0x00000000eb480000,0x00000000eb600000)
 ParOldGen       total 143872K, used 134371K [0x00000000c0000000, 0x00000000c8c80000, 0x00000000eab00000)
  object space 143872K, 93% used [0x00000000c0000000,0x00000000c8338e30,0x00000000c8c80000)
 Metaspace       used 75590K, committed 76736K, reserved 1122304K
  class space    used 7795K, committed 8256K, reserved 1048576K
}
Event: 44,129 GC heap after
{Heap after GC invocations=111 (full 5):
 PSYoungGen      total 9728K, used 1417K [0x00000000eab00000, 0x00000000eb600000, 0x0000000100000000)
  eden space 8192K, 0% used [0x00000000eab00000,0x00000000eab00000,0x00000000eb300000)
  from space 1536K, 92% used [0x00000000eb480000,0x00000000eb5e2400,0x00000000eb600000)
  to   space 1536K, 0% used [0x00000000eb300000,0x00000000eb300000,0x00000000eb480000)
 ParOldGen       total 143872K, used 134963K [0x00000000c0000000, 0x00000000c8c80000, 0x00000000eab00000)
  object space 143872K, 93% used [0x00000000c0000000,0x00000000c83ccd60,0x00000000c8c80000)
 Metaspace       used 75590K, committed 76736K, reserved 1122304K
  class space    used 7795K, committed 8256K, reserved 1048576K
}
Event: 44,853 GC heap before
{Heap before GC invocations=112 (full 5):
 PSYoungGen      total 9728K, used 9609K [0x00000000eab00000, 0x00000000eb600000, 0x0000000100000000)
  eden space 8192K, 100% used [0x00000000eab00000,0x00000000eb300000,0x00000000eb300000)
  from space 1536K, 92% used [0x00000000eb480000,0x00000000eb5e2400,0x00000000eb600000)
  to   space 1536K, 0% used [0x00000000eb300000,0x00000000eb300000,0x00000000eb480000)
 ParOldGen       total 143872K, used 134963K [0x00000000c0000000, 0x00000000c8c80000, 0x00000000eab00000)
  object space 143872K, 93% used [0x00000000c0000000,0x00000000c83ccd60,0x00000000c8c80000)
 Metaspace       used 75625K, committed 76736K, reserved 1122304K
  class space    used 7797K, committed 8256K, reserved 1048576K
}
Event: 44,856 GC heap after
{Heap after GC invocations=112 (full 5):
 PSYoungGen      total 9728K, used 1524K [0x00000000eab00000, 0x00000000eb700000, 0x0000000100000000)
  eden space 8192K, 0% used [0x00000000eab00000,0x00000000eab00000,0x00000000eb300000)
  from space 1536K, 99% used [0x00000000eb300000,0x00000000eb47d200,0x00000000eb480000)
  to   space 2048K, 0% used [0x00000000eb500000,0x00000000eb500000,0x00000000eb700000)
 ParOldGen       total 143872K, used 135059K [0x00000000c0000000, 0x00000000c8c80000, 0x00000000eab00000)
  object space 143872K, 93% used [0x00000000c0000000,0x00000000c83e4c38,0x00000000c8c80000)
 Metaspace       used 75625K, committed 76736K, reserved 1122304K
  class space    used 7797K, committed 8256K, reserved 1048576K
}
Event: 44,906 GC heap before
{Heap before GC invocations=113 (full 5):
 PSYoungGen      total 9728K, used 9716K [0x00000000eab00000, 0x00000000eb700000, 0x0000000100000000)
  eden space 8192K, 99% used [0x00000000eab00000,0x00000000eb2ffff0,0x00000000eb300000)
  from space 1536K, 99% used [0x00000000eb300000,0x00000000eb47d200,0x00000000eb480000)
  to   space 2048K, 0% used [0x00000000eb500000,0x00000000eb500000,0x00000000eb700000)
 ParOldGen       total 143872K, used 135059K [0x00000000c0000000, 0x00000000c8c80000, 0x00000000eab00000)
  object space 143872K, 93% used [0x00000000c0000000,0x00000000c83e4c38,0x00000000c8c80000)
 Metaspace       used 75627K, committed 76736K, reserved 1122304K
  class space    used 7797K, committed 8256K, reserved 1048576K
}
Event: 44,910 GC heap after
{Heap after GC invocations=113 (full 5):
 PSYoungGen      total 8704K, used 2029K [0x00000000eab00000, 0x00000000eba00000, 0x0000000100000000)
  eden space 6656K, 0% used [0x00000000eab00000,0x00000000eab00000,0x00000000eb180000)
  from space 2048K, 99% used [0x00000000eb500000,0x00000000eb6fb610,0x00000000eb700000)
  to   space 3584K, 0% used [0x00000000eb180000,0x00000000eb180000,0x00000000eb500000)
 ParOldGen       total 143872K, used 135941K [0x00000000c0000000, 0x00000000c8c80000, 0x00000000eab00000)
  object space 143872K, 94% used [0x00000000c0000000,0x00000000c84c1470,0x00000000c8c80000)
 Metaspace       used 75627K, committed 76736K, reserved 1122304K
  class space    used 7797K, committed 8256K, reserved 1048576K
}
Event: 44,939 GC heap before
{Heap before GC invocations=114 (full 5):
 PSYoungGen      total 8704K, used 8685K [0x00000000eab00000, 0x00000000eba00000, 0x0000000100000000)
  eden space 6656K, 100% used [0x00000000eab00000,0x00000000eb180000,0x00000000eb180000)
  from space 2048K, 99% used [0x00000000eb500000,0x00000000eb6fb610,0x00000000eb700000)
  to   space 3584K, 0% used [0x00000000eb180000,0x00000000eb180000,0x00000000eb500000)
 ParOldGen       total 143872K, used 135941K [0x00000000c0000000, 0x00000000c8c80000, 0x00000000eab00000)
  object space 143872K, 94% used [0x00000000c0000000,0x00000000c84c1470,0x00000000c8c80000)
 Metaspace       used 75632K, committed 76736K, reserved 1122304K
  class space    used 7797K, committed 8256K, reserved 1048576K
}
Event: 44,942 GC heap after
{Heap after GC invocations=114 (full 5):
 PSYoungGen      total 10240K, used 2510K [0x00000000eab00000, 0x00000000eb800000, 0x0000000100000000)
  eden space 6656K, 0% used [0x00000000eab00000,0x00000000eab00000,0x00000000eb180000)
  from space 3584K, 70% used [0x00000000eb180000,0x00000000eb3f3b20,0x00000000eb500000)
  to   space 3072K, 0% used [0x00000000eb500000,0x00000000eb500000,0x00000000eb800000)
 ParOldGen       total 143872K, used 136337K [0x00000000c0000000, 0x00000000c8c80000, 0x00000000eab00000)
  object space 143872K, 94% used [0x00000000c0000000,0x00000000c8524570,0x00000000c8c80000)
 Metaspace       used 75632K, committed 76736K, reserved 1122304K
  class space    used 7797K, committed 8256K, reserved 1048576K
}
Event: 44,972 GC heap before
{Heap before GC invocations=115 (full 5):
 PSYoungGen      total 10240K, used 9166K [0x00000000eab00000, 0x00000000eb800000, 0x0000000100000000)
  eden space 6656K, 100% used [0x00000000eab00000,0x00000000eb180000,0x00000000eb180000)
  from space 3584K, 70% used [0x00000000eb180000,0x00000000eb3f3b20,0x00000000eb500000)
  to   space 3072K, 0% used [0x00000000eb500000,0x00000000eb500000,0x00000000eb800000)
 ParOldGen       total 143872K, used 136337K [0x00000000c0000000, 0x00000000c8c80000, 0x00000000eab00000)
  object space 143872K, 94% used [0x00000000c0000000,0x00000000c8524570,0x00000000c8c80000)
 Metaspace       used 75650K, committed 76736K, reserved 1122304K
  class space    used 7797K, committed 8256K, reserved 1048576K
}
Event: 44,976 GC heap after
{Heap after GC invocations=115 (full 5):
 PSYoungGen      total 10240K, used 2733K [0x00000000eab00000, 0x00000000eb800000, 0x0000000100000000)
  eden space 7168K, 0% used [0x00000000eab00000,0x00000000eab00000,0x00000000eb200000)
  from space 3072K, 88% used [0x00000000eb500000,0x00000000eb7ab630,0x00000000eb800000)
  to   space 3072K, 0% used [0x00000000eb200000,0x00000000eb200000,0x00000000eb500000)
 ParOldGen       total 143872K, used 136337K [0x00000000c0000000, 0x00000000c8c80000, 0x00000000eab00000)
  object space 143872K, 94% used [0x00000000c0000000,0x00000000c8524570,0x00000000c8c80000)
 Metaspace       used 75650K, committed 76736K, reserved 1122304K
  class space    used 7797K, committed 8256K, reserved 1048576K
}
Event: 45,150 GC heap before
{Heap before GC invocations=116 (full 5):
 PSYoungGen      total 10240K, used 9901K [0x00000000eab00000, 0x00000000eb800000, 0x0000000100000000)
  eden space 7168K, 100% used [0x00000000eab00000,0x00000000eb200000,0x00000000eb200000)
  from space 3072K, 88% used [0x00000000eb500000,0x00000000eb7ab630,0x00000000eb800000)
  to   space 3072K, 0% used [0x00000000eb200000,0x00000000eb200000,0x00000000eb500000)
 ParOldGen       total 143872K, used 136337K [0x00000000c0000000, 0x00000000c8c80000, 0x00000000eab00000)
  object space 143872K, 94% used [0x00000000c0000000,0x00000000c8524570,0x00000000c8c80000)
 Metaspace       used 75679K, committed 76800K, reserved 1122304K
  class space    used 7797K, committed 8256K, reserved 1048576K
}
Event: 45,153 GC heap after
{Heap after GC invocations=116 (full 5):
 PSYoungGen      total 10240K, used 1865K [0x00000000eab00000, 0x00000000eb780000, 0x0000000100000000)
  eden space 7168K, 0% used [0x00000000eab00000,0x00000000eab00000,0x00000000eb200000)
  from space 3072K, 60% used [0x00000000eb200000,0x00000000eb3d2420,0x00000000eb500000)
  to   space 2560K, 0% used [0x00000000eb500000,0x00000000eb500000,0x00000000eb780000)
 ParOldGen       total 143872K, used 136337K [0x00000000c0000000, 0x00000000c8c80000, 0x00000000eab00000)
  object space 143872K, 94% used [0x00000000c0000000,0x00000000c8524570,0x00000000c8c80000)
 Metaspace       used 75679K, committed 76800K, reserved 1122304K
  class space    used 7797K, committed 8256K, reserved 1048576K
}

