# JRE version: OpenJDK Runtime Environment Temurin-17.0.4+8 (17.0.4+8) (build 17.0.4+8)
# Java VM: OpenJDK 64-Bit Server VM Temurin-17.0.4+8 (17.0.4+8, mixed mode, tiered, compressed oops, compressed class ptrs, parallel gc, linux-amd64)
GC Precious Log:
 CPUs: 4 total, 4 available
 Memory: 11837M
 Large Page Support: Disabled
 NUMA Support: Disabled
 Compressed Oops: Enabled (32-bit)
 Alignments: Space 512K, Generation 512K, Heap 2M
 Heap Min Capacity: 100M
 Heap Initial Capacity: 100M
 Heap Max Capacity: 1G
 Pre-touch: Disabled
 Parallel Workers: 4
Heap:
 PSYoungGen      total 23552K, used 1512K [0x00000000eab00000, 0x00000000ec480000, 0x0000000100000000)
  eden space 22016K, 1% used [0x00000000eab00000,0x00000000eab550b0,0x00000000ec080000)
  from space 1536K, 76% used [0x00000000ec080000,0x00000000ec1a4fa0,0x00000000ec200000)
  to   space 2048K, 0% used [0x00000000ec280000,0x00000000ec280000,0x00000000ec480000)
 ParOldGen       total 68608K, used 16228K [0x00000000c0000000, 0x00000000c4300000, 0x00000000eab00000)
  object space 68608K, 23% used [0x00000000c0000000,0x00000000c0fd92e0,0x00000000c4300000)
 Metaspace       used 46308K, committed 47168K, reserved 1097728K
  class space    used 5141K, committed 5504K, reserved 1048576K
GC Heap History (20 events):
Event: 3,898 GC heap before
{Heap before GC invocations=5 (full 1):
 PSYoungGen      total 29696K, used 4090K [0x00000000eab00000, 0x00000000ecc00000, 0x0000000100000000)
  eden space 25600K, 0% used [0x00000000eab00000,0x00000000eab00000,0x00000000ec400000)
  from space 4096K, 99% used [0x00000000ec800000,0x00000000ecbfea38,0x00000000ecc00000)
  to   space 4096K, 0% used [0x00000000ec400000,0x00000000ec400000,0x00000000ec800000)
 ParOldGen       total 68608K, used 4355K [0x00000000c0000000, 0x00000000c4300000, 0x00000000eab00000)
  object space 68608K, 6% used [0x00000000c0000000,0x00000000c0440f68,0x00000000c4300000)
 Metaspace       used 21101K, committed 21504K, reserved 1073152K
  class space    used 2170K, committed 2304K, reserved 1048576K
}
Event: 3,951 GC heap after
{Heap after GC invocations=5 (full 1):
 PSYoungGen      total 29696K, used 0K [0x00000000eab00000, 0x00000000ecc00000, 0x0000000100000000)
  eden space 25600K, 0% used [0x00000000eab00000,0x00000000eab00000,0x00000000ec400000)
  from space 4096K, 0% used [0x00000000ec800000,0x00000000ec800000,0x00000000ecc00000)
  to   space 4096K, 0% used [0x00000000ec400000,0x00000000ec400000,0x00000000ec800000)
 ParOldGen       total 68608K, used 8264K [0x00000000c0000000, 0x00000000c4300000, 0x00000000eab00000)
  object space 68608K, 12% used [0x00000000c0000000,0x00000000c0812030,0x00000000c4300000)
 Metaspace       used 21088K, committed 21504K, reserved 1073152K
  class space    used 2167K, committed 2304K, reserved 1048576K
}
Event: 5,283 GC heap before
{Heap before GC invocations=6 (full 1):
 PSYoungGen      total 29696K, used 25600K [0x00000000eab00000, 0x00000000ecc00000, 0x0000000100000000)
  eden space 25600K, 100% used [0x00000000eab00000,0x00000000ec400000,0x00000000ec400000)
  from space 4096K, 0% used [0x00000000ec800000,0x00000000ec800000,0x00000000ecc00000)
  to   space 4096K, 0% used [0x00000000ec400000,0x00000000ec400000,0x00000000ec800000)
 ParOldGen       total 68608K, used 8264K [0x00000000c0000000, 0x00000000c4300000, 0x00000000eab00000)
  object space 68608K, 12% used [0x00000000c0000000,0x00000000c0812030,0x00000000c4300000)
 Metaspace       used 24383K, committed 25088K, reserved 1073152K
  class space    used 2562K, committed 2880K, reserved 1048576K
}
Event: 5,289 GC heap after
{Heap after GC invocations=6 (full 1):
 PSYoungGen      total 27136K, used 1761K [0x00000000eab00000, 0x00000000ec980000, 0x0000000100000000)
  eden space 25088K, 0% used [0x00000000eab00000,0x00000000eab00000,0x00000000ec380000)
  from space 2048K, 86% used [0x00000000ec400000,0x00000000ec5b87d8,0x00000000ec600000)
  to   space 3072K, 0% used [0x00000000ec680000,0x00000000ec680000,0x00000000ec980000)
 ParOldGen       total 68608K, used 8272K [0x00000000c0000000, 0x00000000c4300000, 0x00000000eab00000)
  object space 68608K, 12% used [0x00000000c0000000,0x00000000c0814030,0x00000000c4300000)
 Metaspace       used 24383K, committed 25088K, reserved 1073152K
  class space    used 2562K, committed 2880K, reserved 1048576K
}
Event: 5,667 GC heap before
{Heap before GC invocations=7 (full 1):
 PSYoungGen      total 27136K, used 26849K [0x00000000eab00000, 0x00000000ec980000, 0x0000000100000000)
  eden space 25088K, 100% used [0x00000000eab00000,0x00000000ec380000,0x00000000ec380000)
  from space 2048K, 86% used [0x00000000ec400000,0x00000000ec5b87d8,0x00000000ec600000)
  to   space 3072K, 0% used [0x00000000ec680000,0x00000000ec680000,0x00000000ec980000)
 ParOldGen       total 68608K, used 8272K [0x00000000c0000000, 0x00000000c4300000, 0x00000000eab00000)
  object space 68608K, 12% used [0x00000000c0000000,0x00000000c0814030,0x00000000c4300000)
 Metaspace       used 27892K, committed 28608K, reserved 1081344K
  class space    used 2816K, committed 3136K, reserved 1048576K
}
Event: 5,670 GC heap after
{Heap after GC invocations=7 (full 1):
 PSYoungGen      total 26624K, used 2038K [0x00000000eab00000, 0x00000000ec880000, 0x0000000100000000)
  eden space 24576K, 0% used [0x00000000eab00000,0x00000000eab00000,0x00000000ec300000)
  from space 2048K, 99% used [0x00000000ec680000,0x00000000ec87daf0,0x00000000ec880000)
  to   space 2560K, 0% used [0x00000000ec380000,0x00000000ec380000,0x00000000ec600000)
 ParOldGen       total 68608K, used 8280K [0x00000000c0000000, 0x00000000c4300000, 0x00000000eab00000)
  object space 68608K, 12% used [0x00000000c0000000,0x00000000c0816030,0x00000000c4300000)
 Metaspace       used 27892K, committed 28608K, reserved 1081344K
  class space    used 2816K, committed 3136K, reserved 1048576K
}
Event: 5,960 GC heap before
{Heap before GC invocations=8 (full 1):
 PSYoungGen      total 26624K, used 26614K [0x00000000eab00000, 0x00000000ec880000, 0x0000000100000000)
  eden space 24576K, 100% used [0x00000000eab00000,0x00000000ec300000,0x00000000ec300000)
  from space 2048K, 99% used [0x00000000ec680000,0x00000000ec87daf0,0x00000000ec880000)
  to   space 2560K, 0% used [0x00000000ec380000,0x00000000ec380000,0x00000000ec600000)
 ParOldGen       total 68608K, used 8280K [0x00000000c0000000, 0x00000000c4300000, 0x00000000eab00000)
  object space 68608K, 12% used [0x00000000c0000000,0x00000000c0816030,0x00000000c4300000)
 Metaspace       used 30618K, committed 31296K, reserved 1081344K
  class space    used 3047K, committed 3328K, reserved 1048576K
}
Event: 5,964 GC heap after
{Heap after GC invocations=8 (full 1):
 PSYoungGen      total 26624K, used 2542K [0x00000000eab00000, 0x00000000ec980000, 0x0000000100000000)
  eden space 24064K, 0% used [0x00000000eab00000,0x00000000eab00000,0x00000000ec280000)
  from space 2560K, 99% used [0x00000000ec380000,0x00000000ec5fba28,0x00000000ec600000)
  to   space 3584K, 0% used [0x00000000ec600000,0x00000000ec600000,0x00000000ec980000)
 ParOldGen       total 68608K, used 8856K [0x00000000c0000000, 0x00000000c4300000, 0x00000000eab00000)
  object space 68608K, 12% used [0x00000000c0000000,0x00000000c08a6050,0x00000000c4300000)
 Metaspace       used 30618K, committed 31296K, reserved 1081344K
  class space    used 3047K, committed 3328K, reserved 1048576K
}
Event: 6,540 GC heap before
{Heap before GC invocations=9 (full 1):
 PSYoungGen      total 26624K, used 26606K [0x00000000eab00000, 0x00000000ec980000, 0x0000000100000000)
  eden space 24064K, 100% used [0x00000000eab00000,0x00000000ec280000,0x00000000ec280000)
  from space 2560K, 99% used [0x00000000ec380000,0x00000000ec5fba28,0x00000000ec600000)
  to   space 3584K, 0% used [0x00000000ec600000,0x00000000ec600000,0x00000000ec980000)
 ParOldGen       total 68608K, used 8856K [0x00000000c0000000, 0x00000000c4300000, 0x00000000eab00000)
  object space 68608K, 12% used [0x00000000c0000000,0x00000000c08a6050,0x00000000c4300000)
 Metaspace       used 34700K, committed 35456K, reserved 1081344K
  class space    used 3580K, committed 3904K, reserved 1048576K
}
Event: 6,546 GC heap after
{Heap after GC invocations=9 (full 1):
 PSYoungGen      total 27136K, used 3563K [0x00000000eab00000, 0x00000000eca00000, 0x0000000100000000)
  eden space 23552K, 0% used [0x00000000eab00000,0x00000000eab00000,0x00000000ec200000)
  from space 3584K, 99% used [0x00000000ec600000,0x00000000ec97ac00,0x00000000ec980000)
  to   space 4096K, 0% used [0x00000000ec200000,0x00000000ec200000,0x00000000ec600000)
 ParOldGen       total 68608K, used 9080K [0x00000000c0000000, 0x00000000c4300000, 0x00000000eab00000)
  object space 68608K, 13% used [0x00000000c0000000,0x00000000c08de070,0x00000000c4300000)
 Metaspace       used 34700K, committed 35456K, reserved 1081344K
  class space    used 3580K, committed 3904K, reserved 1048576K
}
Event: 6,596 GC heap before
{Heap before GC invocations=10 (full 1):
 PSYoungGen      total 27136K, used 5989K [0x00000000eab00000, 0x00000000eca00000, 0x0000000100000000)
  eden space 23552K, 10% used [0x00000000eab00000,0x00000000ead5eb98,0x00000000ec200000)
  from space 3584K, 99% used [0x00000000ec600000,0x00000000ec97ac00,0x00000000ec980000)
  to   space 4096K, 0% used [0x00000000ec200000,0x00000000ec200000,0x00000000ec600000)
 ParOldGen       total 68608K, used 9080K [0x00000000c0000000, 0x00000000c4300000, 0x00000000eab00000)
  object space 68608K, 13% used [0x00000000c0000000,0x00000000c08de070,0x00000000c4300000)
 Metaspace       used 35048K, committed 35840K, reserved 1081344K
  class space    used 3624K, committed 3968K, reserved 1048576K
}
Event: 6,600 GC heap after
{Heap after GC invocations=10 (full 1):
 PSYoungGen      total 26112K, used 2191K [0x00000000eab00000, 0x00000000ec800000, 0x0000000100000000)
  eden space 23552K, 0% used [0x00000000eab00000,0x00000000eab00000,0x00000000ec200000)
  from space 2560K, 85% used [0x00000000ec200000,0x00000000ec423d80,0x00000000ec480000)
  to   space 3072K, 0% used [0x00000000ec500000,0x00000000ec500000,0x00000000ec800000)
 ParOldGen       total 68608K, used 10570K [0x00000000c0000000, 0x00000000c4300000, 0x00000000eab00000)
  object space 68608K, 15% used [0x00000000c0000000,0x00000000c0a52ba8,0x00000000c4300000)
 Metaspace       used 35048K, committed 35840K, reserved 1081344K
  class space    used 3624K, committed 3968K, reserved 1048576K
}
Event: 6,600 GC heap before
{Heap before GC invocations=11 (full 2):
 PSYoungGen      total 26112K, used 2191K [0x00000000eab00000, 0x00000000ec800000, 0x0000000100000000)
  eden space 23552K, 0% used [0x00000000eab00000,0x00000000eab00000,0x00000000ec200000)
  from space 2560K, 85% used [0x00000000ec200000,0x00000000ec423d80,0x00000000ec480000)
  to   space 3072K, 0% used [0x00000000ec500000,0x00000000ec500000,0x00000000ec800000)
 ParOldGen       total 68608K, used 10570K [0x00000000c0000000, 0x00000000c4300000, 0x00000000eab00000)
  object space 68608K, 15% used [0x00000000c0000000,0x00000000c0a52ba8,0x00000000c4300000)
 Metaspace       used 35048K, committed 35840K, reserved 1081344K
  class space    used 3624K, committed 3968K, reserved 1048576K
}
Event: 6,686 GC heap after
{Heap after GC invocations=11 (full 2):
 PSYoungGen      total 26112K, used 0K [0x00000000eab00000, 0x00000000ec800000, 0x0000000100000000)
  eden space 23552K, 0% used [0x00000000eab00000,0x00000000eab00000,0x00000000ec200000)
  from space 2560K, 0% used [0x00000000ec200000,0x00000000ec200000,0x00000000ec480000)
  to   space 3072K, 0% used [0x00000000ec500000,0x00000000ec500000,0x00000000ec800000)
 ParOldGen       total 68608K, used 12536K [0x00000000c0000000, 0x00000000c4300000, 0x00000000eab00000)
  object space 68608K, 18% used [0x00000000c0000000,0x00000000c0c3e298,0x00000000c4300000)
 Metaspace       used 35048K, committed 35840K, reserved 1081344K
  class space    used 3624K, committed 3968K, reserved 1048576K
}
Event: 7,070 GC heap before
{Heap before GC invocations=12 (full 2):
 PSYoungGen      total 26112K, used 23552K [0x00000000eab00000, 0x00000000ec800000, 0x0000000100000000)
  eden space 23552K, 100% used [0x00000000eab00000,0x00000000ec200000,0x00000000ec200000)
  from space 2560K, 0% used [0x00000000ec200000,0x00000000ec200000,0x00000000ec480000)
  to   space 3072K, 0% used [0x00000000ec500000,0x00000000ec500000,0x00000000ec800000)
 ParOldGen       total 68608K, used 12536K [0x00000000c0000000, 0x00000000c4300000, 0x00000000eab00000)
  object space 68608K, 18% used [0x00000000c0000000,0x00000000c0c3e298,0x00000000c4300000)
 Metaspace       used 37909K, committed 38784K, reserved 1089536K
  class space    used 4030K, committed 4416K, reserved 1048576K
}
Event: 7,073 GC heap after
{Heap after GC invocations=12 (full 2):
 PSYoungGen      total 24064K, used 1004K [0x00000000eab00000, 0x00000000ec600000, 0x0000000100000000)
  eden space 23040K, 0% used [0x00000000eab00000,0x00000000eab00000,0x00000000ec180000)
  from space 1024K, 98% used [0x00000000ec500000,0x00000000ec5fb240,0x00000000ec600000)
  to   space 2048K, 0% used [0x00000000ec200000,0x00000000ec200000,0x00000000ec400000)
 ParOldGen       total 68608K, used 12544K [0x00000000c0000000, 0x00000000c4300000, 0x00000000eab00000)
  object space 68608K, 18% used [0x00000000c0000000,0x00000000c0c40298,0x00000000c4300000)
 Metaspace       used 37909K, committed 38784K, reserved 1089536K
  class space    used 4030K, committed 4416K, reserved 1048576K
}
Event: 7,378 GC heap before
{Heap before GC invocations=13 (full 2):
 PSYoungGen      total 24064K, used 24044K [0x00000000eab00000, 0x00000000ec600000, 0x0000000100000000)
  eden space 23040K, 100% used [0x00000000eab00000,0x00000000ec180000,0x00000000ec180000)
  from space 1024K, 98% used [0x00000000ec500000,0x00000000ec5fb240,0x00000000ec600000)
  to   space 2048K, 0% used [0x00000000ec200000,0x00000000ec200000,0x00000000ec400000)
 ParOldGen       total 68608K, used 12544K [0x00000000c0000000, 0x00000000c4300000, 0x00000000eab00000)
  object space 68608K, 18% used [0x00000000c0000000,0x00000000c0c40298,0x00000000c4300000)
 Metaspace       used 40202K, committed 41152K, reserved 1089536K
  class space    used 4326K, committed 4736K, reserved 1048576K
}
Event: 7,382 GC heap after
{Heap after GC invocations=13 (full 2):
 PSYoungGen      total 24576K, used 1167K [0x00000000eab00000, 0x00000000ec580000, 0x0000000100000000)
  eden space 22528K, 0% used [0x00000000eab00000,0x00000000eab00000,0x00000000ec100000)
  from space 2048K, 56% used [0x00000000ec200000,0x00000000ec323c58,0x00000000ec400000)
  to   space 1536K, 0% used [0x00000000ec400000,0x00000000ec400000,0x00000000ec580000)
 ParOldGen       total 68608K, used 13383K [0x00000000c0000000, 0x00000000c4300000, 0x00000000eab00000)
  object space 68608K, 19% used [0x00000000c0000000,0x00000000c0d11e20,0x00000000c4300000)
 Metaspace       used 40202K, committed 41152K, reserved 1089536K
  class space    used 4326K, committed 4736K, reserved 1048576K
}
Event: 7,672 GC heap before
{Heap before GC invocations=14 (full 2):
 PSYoungGen      total 24576K, used 23695K [0x00000000eab00000, 0x00000000ec580000, 0x0000000100000000)
  eden space 22528K, 100% used [0x00000000eab00000,0x00000000ec100000,0x00000000ec100000)
  from space 2048K, 56% used [0x00000000ec200000,0x00000000ec323c58,0x00000000ec400000)
  to   space 1536K, 0% used [0x00000000ec400000,0x00000000ec400000,0x00000000ec580000)
 ParOldGen       total 68608K, used 13383K [0x00000000c0000000, 0x00000000c4300000, 0x00000000eab00000)
  object space 68608K, 19% used [0x00000000c0000000,0x00000000c0d11e20,0x00000000c4300000)
 Metaspace       used 43035K, committed 43968K, reserved 1089536K
  class space    used 4670K, committed 5056K, reserved 1048576K
}
Event: 7,679 GC heap after
{Heap after GC invocations=14 (full 2):
 PSYoungGen      total 23552K, used 1536K [0x00000000eab00000, 0x00000000ec780000, 0x0000000100000000)
  eden space 22016K, 0% used [0x00000000eab00000,0x00000000eab00000,0x00000000ec080000)
  from space 1536K, 100% used [0x00000000ec400000,0x00000000ec580000,0x00000000ec580000)
  to   space 3584K, 0% used [0x00000000ec080000,0x00000000ec080000,0x00000000ec400000)
 ParOldGen       total 68608K, used 14664K [0x00000000c0000000, 0x00000000c4300000, 0x00000000eab00000)
  object space 68608K, 21% used [0x00000000c0000000,0x00000000c0e521a0,0x00000000c4300000)
 Metaspace       used 43035K, committed 43968K, reserved 1089536K
  class space    used 4670K, committed 5056K, reserved 1048576K
}

